http://das.sdss.org/cgi-bin/drC?RUN=1895&RERUN=41&CAMCOL=6&FIELD=201&FILTER=u
http://das.sdss.org/cgi-bin/drC?RUN=1895&RERUN=41&CAMCOL=6&FIELD=201&FILTER=g
http://das.sdss.org/cgi-bin/drC?RUN=1895&RERUN=41&CAMCOL=6&FIELD=201&FILTER=r
http://das.sdss.org/cgi-bin/drC?RUN=1895&RERUN=41&CAMCOL=6&FIELD=201&FILTER=i
http://das.sdss.org/cgi-bin/drC?RUN=1895&RERUN=41&CAMCOL=6&FIELD=201&FILTER=z
http://das.sdss.org/cgi-bin/drC?RUN=2328&RERUN=40&CAMCOL=2&FIELD=42&FILTER=u
http://das.sdss.org/cgi-bin/drC?RUN=2328&RERUN=40&CAMCOL=2&FIELD=42&FILTER=g
http://das.sdss.org/cgi-bin/drC?RUN=2328&RERUN=40&CAMCOL=2&FIELD=42&FILTER=r
http://das.sdss.org/cgi-bin/drC?RUN=2328&RERUN=40&CAMCOL=2&FIELD=42&FILTER=i
http://das.sdss.org/cgi-bin/drC?RUN=2328&RERUN=40&CAMCOL=2&FIELD=42&FILTER=z
http://das.sdss.org/cgi-bin/drC?RUN=2821&RERUN=40&CAMCOL=6&FIELD=195&FILTER=u
http://das.sdss.org/cgi-bin/drC?RUN=2821&RERUN=40&CAMCOL=6&FIELD=195&FILTER=g
http://das.sdss.org/cgi-bin/drC?RUN=2821&RERUN=40&CAMCOL=6&FIELD=195&FILTER=r
http://das.sdss.org/cgi-bin/drC?RUN=2821&RERUN=40&CAMCOL=6&FIELD=195&FILTER=i
http://das.sdss.org/cgi-bin/drC?RUN=2821&RERUN=40&CAMCOL=6&FIELD=195&FILTER=z
http://das.sdss.org/cgi-bin/drC?RUN=2964&RERUN=40&CAMCOL=5&FIELD=315&FILTER=u
http://das.sdss.org/cgi-bin/drC?RUN=2964&RERUN=40&CAMCOL=5&FIELD=315&FILTER=g
http://das.sdss.org/cgi-bin/drC?RUN=2964&RERUN=40&CAMCOL=5&FIELD=315&FILTER=r
http://das.sdss.org/cgi-bin/drC?RUN=2964&RERUN=40&CAMCOL=5&FIELD=315&FILTER=i
http://das.sdss.org/cgi-bin/drC?RUN=2964&RERUN=40&CAMCOL=5&FIELD=315&FILTER=z
http://das.sdss.org/cgi-bin/drC?RUN=2989&RERUN=40&CAMCOL=5&FIELD=22&FILTER=u
http://das.sdss.org/cgi-bin/drC?RUN=2989&RERUN=40&CAMCOL=5&FIELD=22&FILTER=g
http://das.sdss.org/cgi-bin/drC?RUN=2989&RERUN=40&CAMCOL=5&FIELD=22&FILTER=r
http://das.sdss.org/cgi-bin/drC?RUN=2989&RERUN=40&CAMCOL=5&FIELD=22&FILTER=i
http://das.sdss.org/cgi-bin/drC?RUN=2989&RERUN=40&CAMCOL=5&FIELD=22&FILTER=z
http://das.sdss.org/cgi-bin/drC?RUN=3226&RERUN=40&CAMCOL=3&FIELD=126&FILTER=u
http://das.sdss.org/cgi-bin/drC?RUN=3226&RERUN=40&CAMCOL=3&FIELD=126&FILTER=g
http://das.sdss.org/cgi-bin/drC?RUN=3226&RERUN=40&CAMCOL=3&FIELD=126&FILTER=r
http://das.sdss.org/cgi-bin/drC?RUN=3226&RERUN=40&CAMCOL=3&FIELD=126&FILTER=i
http://das.sdss.org/cgi-bin/drC?RUN=3226&RERUN=40&CAMCOL=3&FIELD=126&FILTER=z
http://das.sdss.org/cgi-bin/drC?RUN=3723&RERUN=40&CAMCOL=2&FIELD=134&FILTER=u
http://das.sdss.org/cgi-bin/drC?RUN=3723&RERUN=40&CAMCOL=2&FIELD=134&FILTER=g
http://das.sdss.org/cgi-bin/drC?RUN=3723&RERUN=40&CAMCOL=2&FIELD=134&FILTER=r
http://das.sdss.org/cgi-bin/drC?RUN=3723&RERUN=40&CAMCOL=2&FIELD=134&FILTER=i
http://das.sdss.org/cgi-bin/drC?RUN=3723&RERUN=40&CAMCOL=2&FIELD=134&FILTER=z
http://das.sdss.org/cgi-bin/drC?RUN=4344&RERUN=40&CAMCOL=4&FIELD=148&FILTER=u
http://das.sdss.org/cgi-bin/drC?RUN=4344&RERUN=40&CAMCOL=4&FIELD=148&FILTER=g
http://das.sdss.org/cgi-bin/drC?RUN=4344&RERUN=40&CAMCOL=4&FIELD=148&FILTER=r
http://das.sdss.org/cgi-bin/drC?RUN=4344&RERUN=40&CAMCOL=4&FIELD=148&FILTER=i
http://das.sdss.org/cgi-bin/drC?RUN=4344&RERUN=40&CAMCOL=4&FIELD=148&FILTER=z
http://das.sdss.org/cgi-bin/drC?RUN=4382&RERUN=40&CAMCOL=4&FIELD=44&FILTER=u
http://das.sdss.org/cgi-bin/drC?RUN=4382&RERUN=40&CAMCOL=4&FIELD=44&FILTER=g
http://das.sdss.org/cgi-bin/drC?RUN=4382&RERUN=40&CAMCOL=4&FIELD=44&FILTER=r
http://das.sdss.org/cgi-bin/drC?RUN=4382&RERUN=40&CAMCOL=4&FIELD=44&FILTER=i
http://das.sdss.org/cgi-bin/drC?RUN=4382&RERUN=40&CAMCOL=4&FIELD=44&FILTER=z
http://das.sdss.org/cgi-bin/drC?RUN=5115&RERUN=40&CAMCOL=6&FIELD=99&FILTER=u
http://das.sdss.org/cgi-bin/drC?RUN=5115&RERUN=40&CAMCOL=6&FIELD=99&FILTER=g
http://das.sdss.org/cgi-bin/drC?RUN=5115&RERUN=40&CAMCOL=6&FIELD=99&FILTER=r
http://das.sdss.org/cgi-bin/drC?RUN=5115&RERUN=40&CAMCOL=6&FIELD=99&FILTER=i
http://das.sdss.org/cgi-bin/drC?RUN=5115&RERUN=40&CAMCOL=6&FIELD=99&FILTER=z
